Starting preprocessing of the model file ...
Found 34 equation(s).
Evaluating expressions...done
Computing static model derivatives (order 1).
Computing dynamic model derivatives (order 1).
Processing outputs ...
done
Preprocessing completed.

STEADY-STATE RESULTS:

C       		 0.388802
H       		 0.364971
lambda  		 19.3677
P       		 0.974071
W       		 0.615769
B       		 1.873
y       		 0.523456
Y       		 0.523456
PI      		 0.285145
pD      		 0.95
MC      		 0.644002
theta   		 0.0287844
mu      		 1.47515
e       		 3.14073
CD      		 0.209032
CF      		 0.18014
PD      		 0.95
PF      		 1
GD      		 0.0949078
GF      		 0.08179
G       		 0.17653
T       		 0.171952
A       		 1.02496
i       		 0.0217782
X       		 0.232779
AC      		 0
ACD     		 0
ACF     		 0
lambdaS 		 19.3677
thetaS  		 0.0287844
yS      		 0.523456
pDS     		 0.95
YS      		 0.523456
PS      		 0.974071




Residuals of the static equations:

Equation number 1 : 0 : FOC for consumption
Equation number 2 : 0 : FOC for labour (hours)
Equation number 3 : 0 : Euler equation
Equation number 4 : 0 : S: lambda forecasting error
Equation number 5 : 0 : Budget constraint
Equation number 6 : 0 : Aggregate consumption
Equation number 7 : 0 : Household s demand for domestic goods
Equation number 8 : 0 : Household s demand for imported goods
Equation number 9 : 0 : Price index
Equation number 10 : 0 : Balanced budget (Ricardian equivalence)
Equation number 11 : 0 : Exogenous process of government spending
Equation number 12 : 0 : Goverment expenditure
Equation number 13 : 0 : Government s demand for domestic goods
Equation number 14 : 0 : Government s demand for domestic goods
Equation number 15 : 0 : Exogenous process of the nominal interest rates
Equation number 16 : 0 : Adjustment costs
Equation number 17 : 0 : Share of adjustment costs purchased via domestic goods
Equation number 18 : 0 : Share of adjustment costs purchased via imported goods
Equation number 19 : 0 : Pricing equation
Equation number 20 : 0 : Theta equation
Equation number 21 : 0 : S: pD forecasting error
Equation number 22 : 0 : S: theta forecasting error
Equation number 23 : 0 : S: y forecasting error
Equation number 24 : 0 : S: Y forecasting error
Equation number 25 : 0 : S: P forecasting error
Equation number 26 : 0 : Marginal cost
Equation number 27 : 0 : Individual markup
Equation number 28 : 0 : Law of motion for the demand shifter
Equation number 29 : 0 : Exogenous process of productivity
Equation number 30 : 0 : Aggregate domestic price level
Equation number 31 : 0 : Aggregate output
Equation number 32 : 0 : Aggregate resources
Equation number 33 : 0 : Aggregate profits
Equation number 34 : 0 : Individual output


MODEL_DIAGNOSTICS:  The Jacobian of the static model is singular
MODEL_DIAGNOSTICS:  there is 9 colinear relationships between the variables and the equations
Relation 1
Colinear variables:
C
H
lambda
P
W
B
y
Y
PI
pD
MC
theta
mu
e
CD
CF
PD
PF
GD
GF
G
T
A
i
X
lambdaS
thetaS
yS
pDS
Relation 2
Colinear variables:
H
lambda
P
W
B
y
Y
PI
pD
MC
theta
mu
e
CD
CF
PD
PF
GD
GF
G
T
A
i
X
lambdaS
thetaS
yS
pDS
Relation 3
Colinear variables:
H
lambda
P
W
B
y
Y
PI
pD
MC
theta
mu
e
CD
CF
PD
PF
GD
GF
G
T
A
i
X
lambdaS
thetaS
yS
pDS
Relation 4
Colinear variables:
H
lambda
P
W
B
y
Y
PI
pD
MC
theta
mu
e
CD
CF
PD
PF
GD
GF
G
T
A
i
X
lambdaS
thetaS
yS
pDS
Relation 5
Colinear variables:
H
lambda
P
W
B
y
Y
PI
pD
MC
theta
mu
e
CD
CF
PD
PF
GD
GF
G
T
A
i
X
lambdaS
thetaS
yS
pDS
Relation 6
Colinear variables:
H
lambda
P
W
B
y
Y
PI
pD
MC
theta
mu
e
CD
CF
PD
PF
GD
GF
G
T
A
i
X
lambdaS
thetaS
yS
pDS
Relation 7
Colinear variables:
H
lambda
P
W
B
y
Y
PI
pD
MC
theta
mu
e
CD
CF
PD
PF
GD
GF
G
T
A
i
X
lambdaS
thetaS
yS
pDS
Relation 8
Colinear variables:
YS
Relation 9
Colinear variables:
PS
Relation 1
Colinear equations
     4    11    15

Relation 2
Colinear equations
     4    11    15    22

Relation 3
Colinear equations
     4    11    21    22

Relation 4
Colinear equations
     4    11    15

Relation 5
Colinear equations
    21    22    23

Relation 6
Colinear equations
    21    23

Relation 7
Colinear equations
    24

Relation 8
Colinear equations
    25

Relation 9
Colinear equations
    29

MODEL_DIAGNOSTICS:  The singularity seems to be (partly) caused by the presence of a unit root
MODEL_DIAGNOSTICS:  as the absolute value of one eigenvalue is in the range of +-1e-6 to 1.
MODEL_DIAGNOSTICS:  If the model is actually supposed to feature unit root behavior, such a warning is expected,
MODEL_DIAGNOSTICS:  but you should nevertheless check whether there is an additional singularity problem.
MODEL_DIAGNOSTICS:  The presence of a singularity problem typically indicates that there is one
MODEL_DIAGNOSTICS:  redundant equation entered in the model block, while another non-redundant equation
MODEL_DIAGNOSTICS:  is missing. The problem often derives from Walras Law.
[Warning: Could not start Excel server for import, 'basic' mode will be used. Refer to HELP XLSREAD for more
information.] 
[> In <a href="matlab:matlab.internal.language.introspective.errorDocCallback('xlsread', 'C:\Program Files\MATLAB\R2020a\toolbox\matlab\iofun\xlsread.m', 195)" style="font-weight:bold">xlsread</a> (<a href="matlab: opentoline('C:\Program Files\MATLAB\R2020a\toolbox\matlab\iofun\xlsread.m',195,0)">line 195</a>)
  In <a href="matlab:matlab.internal.language.introspective.errorDocCallback('model7.driver', 'C:\Users\jcfil\Google Drive\Documents\Papers\Acadêmicos\Research\Fiscal Consolidation and the Euro; the role of markups\+model7\driver.m', 421)" style="font-weight:bold">model7.driver</a> (<a href="matlab: opentoline('C:\Users\jcfil\Google Drive\Documents\Papers\Acadêmicos\Research\Fiscal Consolidation and the Euro; the role of markups\+model7\driver.m',421,0)">line 421</a>)
  In <a href="matlab:matlab.internal.language.introspective.errorDocCallback('dynare', 'C:\dynare\4.6.0\matlab\dynare.m', 293)" style="font-weight:bold">dynare</a> (<a href="matlab: opentoline('C:\dynare\4.6.0\matlab\dynare.m',293,0)">line 293</a>)] 

MODEL SUMMARY

  Number of variables:         34
  Number of stochastic shocks: 9
  Number of state variables:   12
  Number of jumpers:           0
  Number of static variables:  22


MATRIX OF COVARIANCE OF EXOGENOUS SHOCKS
Variables          sA        sG        si   sunspot  sunspot2  sunspot3  sunspot4  sunspot5  sunspot6
sA           0.030749  0.000000  0.000000  0.000000  0.000000  0.000000  0.000000  0.000000  0.000000
sG           0.000000  0.008826  0.000000  0.000000  0.000000  0.000000  0.000000  0.000000  0.000000
si           0.000000  0.000000  0.000000  0.000000  0.000000  0.000000  0.000000  0.000000  0.000000
sunspot      0.000000  0.000000  0.000000  0.000000  0.000000  0.000000  0.000000  0.000000  0.000000
sunspot2     0.000000  0.000000  0.000000  0.000000  0.000000  0.000000  0.000000  0.000000  0.000000
sunspot3     0.000000  0.000000  0.000000  0.000000  0.000000  0.000000  0.000000  0.000000  0.000000
sunspot4     0.000000  0.000000  0.000000  0.000000  0.000000  0.000000  0.000000  0.000000  0.000000
sunspot5     0.000000  0.000000  0.000000  0.000000  0.000000  0.000000  0.000000  0.000000  0.000000
sunspot6     0.000000  0.000000  0.000000  0.000000  0.000000  0.000000  0.000000  0.000000  0.000000

POLICY AND TRANSITION FUNCTIONS
                                  PD              PF              MC              mu               W              CD              CF               H              GD              GF               C               i               e               Y               G               X
Constant                    0.950000        1.000000        0.644002        1.475150        0.615769        0.209032        0.180140        0.364971        0.094908        0.081790        0.388802        0.021778        3.140733        0.523456        0.176530        0.232779
B(-1)                      -0.007434        0.006719       -0.005135        0.000220       -0.003070        0.004047       -0.004110       -0.003272        0.001904       -0.001809       -0.000272       -0.015017       -0.002346       -0.003128               0       -0.005446
pD(-1)                      0.070376       -0.063608        0.013492        0.078374        0.009682       -0.038316        0.038909        0.005723       -0.018025        0.017124        0.002575        0.000483        0.004104        0.005472               0        0.026802
e(-1)                      -0.196299        0.177421       -0.036804        0.026693       -0.026548        0.106875       -0.108528       -0.015368        0.050278       -0.047765       -0.007182        0.001998        0.863980        0.073025               0       -0.023241
G(-1)                      16.171472       -5.140386       11.190657       -0.522405        7.863076       -5.101900        7.181373        5.044498       -2.417617        3.173400        2.396713        0.410003        3.617511        4.823348        0.900000        6.807024
A(-1)                      -1.108115        1.001548       -0.773581        0.051294       -0.150048        0.603315       -0.612643       -0.086993        0.283823       -0.269632       -0.040545        0.009925        0.282343        0.376458               0        0.052328
i(-1)                       0.436307       -0.394347        0.301412       -0.012922        0.180201       -0.237548        0.241221        0.192032       -0.111752        0.106164        0.015964        0.881411        0.137710        0.183613               0        0.319643
lambdaS(-1)                 0.026374       -0.023838        0.018220       -0.000781        0.010893       -0.014360        0.014582        0.011608       -0.006755        0.006418        0.000965        0.000524        0.008324        0.011099               0        0.019322
thetaS(-1)                  1.278399       -1.155455        0.245087        1.423689        0.175873       -0.696027        0.706788        0.103965       -0.327438        0.311066        0.046776        0.008775        0.074556        0.099407               0        0.486869
yS(-1)                     -0.152389        0.137733       -0.029215       -0.169708       -0.020965        0.082968       -0.084251       -0.012393        0.039032       -0.037080       -0.005576       -0.001046       -0.008887       -0.011850               0       -0.058036
pDS(-1)                    -0.075358        0.068110       -0.014447       -0.083922       -0.010367        0.041029       -0.041663       -0.006128        0.019301       -0.018336       -0.002757       -0.000517       -0.004395       -0.005860               0       -0.028699
sA                         -1.261973        1.140609       -0.880990        0.058416       -0.170882        0.687084       -0.697707       -0.099071        0.323231       -0.307070       -0.046175        0.011303        0.321546        0.428728               0        0.059594
sG                          3.171939       -1.008256        2.194982       -0.102467        1.542296       -1.000708        1.408584        0.989449       -0.474201        0.622444        0.470101        0.080420        0.709554        0.946071        0.176530        1.335158
si                          0.499925       -0.451848        0.345362       -0.014806        0.206477       -0.272185        0.276394        0.220032       -0.128047        0.121644        0.018292        1.009931        0.157790        0.210386               0        0.366251
sunspot                     0.026374       -0.023838        0.018220       -0.000781        0.010893       -0.014360        0.014582        0.011608       -0.006755        0.006418        0.000965        0.000524        0.008324        0.011099               0        0.019322
sunspot2                   -0.075358        0.068110       -0.014447       -0.083922       -0.010367        0.041029       -0.041663       -0.006128        0.019301       -0.018336       -0.002757       -0.000517       -0.004395       -0.005860               0       -0.028699
sunspot3                    1.278399       -1.155455        0.245087        1.423689        0.175873       -0.696027        0.706788        0.103965       -0.327438        0.311066        0.046776        0.008775        0.074556        0.099407               0        0.486869
sunspot4                   -0.152389        0.137733       -0.029215       -0.169708       -0.020965        0.082968       -0.084251       -0.012393        0.039032       -0.037080       -0.005576       -0.001046       -0.008887       -0.011850               0       -0.058036


THEORETICAL MOMENTS
VARIABLE         MEAN  STD. DEV.   VARIANCE
PD                NaN        NaN        NaN
PF                NaN        NaN        NaN
MC                NaN        NaN        NaN
mu                NaN        NaN        NaN
W                 NaN        NaN        NaN
CD                NaN        NaN        NaN
CF                NaN        NaN        NaN
H                 NaN        NaN        NaN
GD                NaN        NaN        NaN
GF                NaN        NaN        NaN
C                 NaN        NaN        NaN
i                 NaN        NaN        NaN
e                 NaN        NaN        NaN
Y                 NaN        NaN        NaN
G              0.1765     0.0380     0.0014
X                 NaN        NaN        NaN



VARIANCE DECOMPOSITION (in percent)
           sA        sG        si   sunspot  sunspot2  sunspot3  sunspot4  sunspot5  sunspot6
G        0.00    100.00      0.00      0.00      0.00      0.00      0.00      0.00      0.00



MATRIX OF CORRELATIONS
Variables         G
G            1.0000



COEFFICIENTS OF AUTOCORRELATION
Order          1
G         0.9000
Total computing time : 0h00m36s
Note: warning(s) encountered in MATLAB/Octave code
