Starting preprocessing of the model file ...
Found 34 equation(s).
Evaluating expressions...done
Computing static model derivatives (order 1).
Computing dynamic model derivatives (order 1).
Processing outputs ...
done
Preprocessing completed.

STEADY-STATE RESULTS:

C       		 0.388802
H       		 0.364971
lambda  		 19.3677
P       		 0.974071
W       		 0.615769
B       		 1.873
y       		 0.523456
Y       		 0.523456
PI      		 0.285145
pD      		 0.95
MC      		 0.644002
theta   		 0.0287844
mu      		 1.47515
e       		 3.14073
CD      		 0.209032
CF      		 0.18014
PD      		 0.95
PF      		 1
GD      		 0.0949078
GF      		 0.08179
G       		 0.17653
T       		 0.171952
A       		 1.02496
i       		 0.0217782
X       		 0.232779
AC      		 0
ACD     		 0
ACF     		 0
lambdaS 		 19.3677
thetaS  		 0.0287844
yS      		 0.523456
pDS     		 0.95
YS      		 0.523456
PS      		 0.974071




Residuals of the static equations:

Equation number 1 : 0 : FOC for consumption
Equation number 2 : 0 : FOC for labour (hours)
Equation number 3 : 0 : Euler equation
Equation number 4 : 0 : S: lambda forecasting error
Equation number 5 : 0 : Budget constraint
Equation number 6 : 0 : Aggregate consumption
Equation number 7 : 0 : Household s demand for domestic goods
Equation number 8 : 0 : Household s demand for imported goods
Equation number 9 : 0 : Balanced budget (Ricardian equivalence)
Equation number 10 : 0 : Exogenous process of government spending
Equation number 11 : 0 : Goverment expenditure
Equation number 12 : 0 : Government s demand for domestic goods
Equation number 13 : 0 : Government s demand for domestic goods
Equation number 14 : 0 : Exogenous process of the nominal interest rates
Equation number 15 : 0 : Exogenous process foreign prices
Equation number 16 : 0 : Adjustment costs
Equation number 17 : 0 : Share of adjustment costs purchased via domestic goods
Equation number 18 : 0 : Share of adjustment costs purchased via imported goods
Equation number 19 : 0 : Pricing equation
Equation number 20 : 0 : Theta equation
Equation number 21 : 0 : S: pD forecasting error
Equation number 22 : 0 : S: theta forecasting error
Equation number 23 : 0 : S: y forecasting error
Equation number 24 : 0 : S: Y forecasting error
Equation number 25 : 0 : S: P forecasting error
Equation number 26 : 0 : Marginal cost
Equation number 27 : 0 : Individual markup
Equation number 28 : 0 : Law of motion for the demand shifter
Equation number 29 : 0 : Exogenous process of productivity
Equation number 30 : 0 : Aggregate domestic price level
Equation number 31 : 0 : Aggregate output
Equation number 32 : 0 : Aggregate resources
Equation number 33 : 0 : Aggregate profits
Equation number 34 : 0 : Individual output


[Warning: Could not start Excel server for import, 'basic' mode will be used. Refer to HELP XLSREAD for more information.] 
[> In <a href="matlab:matlab.internal.language.introspective.errorDocCallback('xlsread', 'C:\Program Files\MATLAB\R2020a\toolbox\matlab\iofun\xlsread.m', 195)" style="font-weight:bold">xlsread</a> (<a href="matlab: opentoline('C:\Program Files\MATLAB\R2020a\toolbox\matlab\iofun\xlsread.m',195,0)">line 195</a>)
  In <a href="matlab:matlab.internal.language.introspective.errorDocCallback('model9.driver', 'G:\Meu Drive\Documents\Papers\Acadêmicos\Research\The square root of all evil; The role of market power in fiscal consolidations\+model9\driver.m', 424)" style="font-weight:bold">model9.driver</a> (<a href="matlab: opentoline('G:\Meu Drive\Documents\Papers\Acadêmicos\Research\The square root of all evil; The role of market power in fiscal consolidations\+model9\driver.m',424,0)">line 424</a>)
  In <a href="matlab:matlab.internal.language.introspective.errorDocCallback('dynare', 'C:\dynare\4.6.0\matlab\dynare.m', 293)" style="font-weight:bold">dynare</a> (<a href="matlab: opentoline('C:\dynare\4.6.0\matlab\dynare.m',293,0)">line 293</a>)] 

MODEL SUMMARY

  Number of variables:         34
  Number of stochastic shocks: 10
  Number of state variables:   13
  Number of jumpers:           0
  Number of static variables:  21


MATRIX OF COVARIANCE OF EXOGENOUS SHOCKS
Variables          sA        sG        si       sPF   sunspot  sunspot2  sunspot3  sunspot4  sunspot5  sunspot6
sA           0.030000  0.000000  0.000000  0.000000  0.000000  0.000000  0.000000  0.000000  0.000000  0.000000
sG           0.000000  0.030000  0.000000  0.000000  0.000000  0.000000  0.000000  0.000000  0.000000  0.000000
si           0.000000  0.000000  0.000000  0.000000  0.000000  0.000000  0.000000  0.000000  0.000000  0.000000
sPF          0.000000  0.000000  0.000000  0.000000  0.000000  0.000000  0.000000  0.000000  0.000000  0.000000
sunspot      0.000000  0.000000  0.000000  0.000000  0.000000  0.000000  0.000000  0.000000  0.000000  0.000000
sunspot2     0.000000  0.000000  0.000000  0.000000  0.000000  0.000000  0.000000  0.000000  0.000000  0.000000
sunspot3     0.000000  0.000000  0.000000  0.000000  0.000000  0.000000  0.000000  0.000000  0.000000  0.000000
sunspot4     0.000000  0.000000  0.000000  0.000000  0.000000  0.000000  0.000000  0.000000  0.000000  0.000000
sunspot5     0.000000  0.000000  0.000000  0.000000  0.000000  0.000000  0.000000  0.000000  0.000000  0.000000
sunspot6     0.000000  0.000000  0.000000  0.000000  0.000000  0.000000  0.000000  0.000000  0.000000  0.000000

POLICY AND TRANSITION FUNCTIONS
                                   y
Constant                    0.523456
B(-1)                      -0.005773
pD(-1)                      0.030509
e(-1)                      -0.084521
PF(-1)                      0.354242
G(-1)                       6.846632
A(-1)                      -0.011834
i(-1)                       0.338830
lambdaS(-1)                 0.020482
thetaS(-1)                  0.554197
yS(-1)                     -0.066062
pDS(-1)                    -0.032668
sA                         -0.020216
sG                          1.342927
si                          0.388235
sPF                         0.393603
sunspot                     0.020482
sunspot2                   -0.032668
sunspot3                    0.554197
sunspot4                   -0.066062

All endogenous are constant or non stationary, not displaying correlations and auto-correlations

Total computing time : 0h00m34s
Note: warning(s) encountered in MATLAB/Octave code
