Starting preprocessing of the model file ...
WARNING: mex_GHH_1995.mod:118.1-18: The 'simul' statement is deprecated. Please use 'perfect_foresight_setup' and 'perfect_foresight_solver' instead.
Found 11 equation(s).
Evaluating expressions...done
Computing static model derivatives (order 1).
Computing dynamic model derivatives (order 1).
Processing outputs ...
done
Preprocessing completed.

STEADY-STATE RESULTS:

y      		 0
d      		 0
c      		 0
r      		 0
k      		 0
x      		 0
m      		 0
e      		 0
l      		 0
tby    		 0
lambda 		 0

--------------------------------------------------------------------------------
MODEL SIMULATION:

Iter: 1,	 Initial err. = 0.48364,	 err. = 8.8004e-16,	 time = 0.001
--------------------------------------------------------------------------------

Perfect foresight solution found.

Total computing time : 0h00m02s
Note: 1 warning(s) encountered in the preprocessor
