Starting Dynare (version 6.2).
Calling Dynare with arguments: none
Starting preprocessing of the model file ... 
WARNING: simulation.mod:195.1-197.38: The 'simul' statement is deprecated. Please use 'perfect_foresight_setup' and 'perfect_foresight_solver' instead. 
Found 98 equation(s). 
Evaluating expressions... 
Computing static model derivatives (order 1). 
Normalizing the static model... 
Normalization failed with cutoff, trying symbolic normalization... 
Finding the optimal block decomposition of the static model... 
11 block(s) found: 
  10 recursive block(s) and 1 simultaneous block(s). 
  the largest simultaneous block has 56 equation(s) 
                                 and 56 feedback variable(s). 
Computing dynamic model derivatives (order 1). 
Normalizing the dynamic model... 
Normalization failed with cutoff, trying symbolic normalization... 
Finding the optimal block decomposition of the dynamic model... 
3 block(s) found: 
  2 recursive block(s) and 1 simultaneous block(s). 
  the largest simultaneous block has 88 equation(s) 
                                 and 86 feedback variable(s). 
Preprocessing completed. 
Preprocessing time: 0h00m02s.

cons_share =

   0.603959774146359


inv_share =

   0.191040225853641


gov_share =

   0.205000000000000


value_of_life =

     7.186722312821646e+06


value_of_life =

     1.938420522344102e+06


ann_capoutputratio =

   1.910402258536411


thetaval =

   0.001645241221013


Aval =

   2.997930279455440


                                         Norm of      First-order   Trust-region
 Iteration  Func-count     f(x)          step         optimality    radius
     0          4       0.0317781                         0.089               1
     1          5       0.0317781              1          0.089               1
     2          9       0.0203931           0.25          0.503            0.25
     3         13     0.000199375      0.0840519         0.0414           0.625
     4         17     1.56736e-07      0.0052578        0.00108           0.625
     5         21     1.32086e-13    0.000122567       9.96e-07           0.625
     6         25     1.15832e-25    1.08485e-07       9.32e-13           0.625

<a href = "matlab: helpview('optim','eqn_solved','CSHelpWindow');">Equation solved</a>.

fsolve completed because the vector of function values is near zero
as measured by the value of the <a href = "matlab: helpview('optim','fcn_tolerance_fsolve','CSHelpWindow');">function tolerance</a>, and
the <a href = "matlab: helpview('optim','appears_regular','CSHelpWindow');">problem appears regular</a> as measured by the gradient.

<<a href = "matlab: createExitMsg({'optim:fsolve:Exit1basic','fsolve'},{'optim:fsolve:Exit1detailed','9.315081e-13','1.000000e-07','1.158317e-25','3.162278e-04'},true,true);;">stopping criteria details</a>>
Max. abs. error in calibration targets:3.4034e-13
 

pi1 =

     2.428009535745495e-07


pi2 =

     2.370604848909966e-04


pi3 =

   0.425193034311247


RnotSIR =

   1.328329613752984



Residuals of the static equations:
Equation number  1: muc         :       0.000000
Equation number  2: mun         :       0.000000
Equation number  3: mul         :       0.000000
Equation number  4: ro          :       0.000000
Equation number  5: y           :       0.000000
Equation number  6: mc          :       0.000000
Equation number  7: w           :       0.000000
Equation number  8: k           :       0.000000
Equation number  9: 9           :       0.000000
Equation number 10: n           :       0.000000
Equation number 11: c           :       0.000000
Equation number 12: tau         :       0.000000
Equation number 13: s           :       0.000000
Equation number 14: i           :       0.000000
Equation number 15: r           :       0.000000
Equation number 16: dd          :       0.000000
Equation number 17: pop         :       0.000000
Equation number 18: 18          :       0.000000
Equation number 19: 19          :       0.000000
Equation number 20: 20          :       0.000000
Equation number 21: 21          :       0.000000
Equation number 22: 22          :       0.000000
Equation number 23: 23          :       0.000000
Equation number 24: lambtilde   :       0.000000
Equation number 25: lami        :       0.000000
Equation number 26: 26          :       0.000000
Equation number 27: 27          :       0.000000
Equation number 28: 28          :       0.000000
Equation number 29: 29          :       0.000000
Equation number 30: rr          :       0.000000
Equation number 31: Kf          :       0.000000
Equation number 32: F           :       0.000000
Equation number 33: 33          :       0.000000
Equation number 34: 34          :       0.000000
Equation number 35: Rb          :       0.000000
Equation number 36: dF          :       0.000000
Equation number 37: dKf         :       0.000000
Equation number 38: dpie        :       0.000000
Equation number 39: dcs         :       0.000000
Equation number 40: dns         :       0.000000
Equation number 41: dci         :       0.000000
Equation number 42: dni         :       0.000000
Equation number 43: dw          :       0.000000
Equation number 44: dlams       :       0.000000
Equation number 45: dlamtau     :       0.000000
Equation number 46: dlambtilde  :       0.000000
Equation number 47: dlami       :       0.000000
Equation number 48: dlamr       :       0.000000
Equation number 49: dcr         :       0.000000
Equation number 50: dnr         :       0.000000
Equation number 51: drk         :       0.000000
Equation number 52: yF          :       0.000000
Equation number 53: mcF         :       0.000000
Equation number 54: wF          :       0.000000
Equation number 55: kF          :       0.000000
Equation number 56: 56          :       0.000000
Equation number 57: nF          :       0.000000
Equation number 58: cF          :       0.000000
Equation number 59: tauF        :       0.000000
Equation number 60: sF          :       0.000000
Equation number 61: iF          :       0.000000
Equation number 62: rF          :       0.000000
Equation number 63: ddF         :       0.000000
Equation number 64: popF        :       0.000000
Equation number 65: 65          :       0.000000
Equation number 66: 66          :       0.000000
Equation number 67: 67          :       0.000000
Equation number 68: 68          :       0.000000
Equation number 69: 69          :       0.000000
Equation number 70: 70          :       0.000000
Equation number 71: lambtildeF  :       0.000000
Equation number 72: lamiF       :       0.000000
Equation number 73: 73          :       0.000000
Equation number 74: 74          :       0.000000
Equation number 75: 75          :       0.000000
Equation number 76: 76          :       0.000000
Equation number 77: rrF         :       0.000000
Equation number 78: KfF         :       0.000000
Equation number 79: FF          :       0.000000
Equation number 80: 80          :       0.000000
Equation number 81: 81          :       0.000000
Equation number 82: RbF         :       0.000000
Equation number 83: dFF         :       0.000000
Equation number 84: dKfF        :       0.000000
Equation number 85: dpieF       :       0.000000
Equation number 86: dcsF        :       0.000000
Equation number 87: dnsF        :       0.000000
Equation number 88: dciF        :       0.000000
Equation number 89: dniF        :       0.000000
Equation number 90: dwF         :       0.000000
Equation number 91: dlamsF      :       0.000000
Equation number 92: dlamtauF    :       0.000000
Equation number 93: dlambtildeF :       0.000000
Equation number 94: dlamiF      :       0.000000
Equation number 95: dlamrF      :       0.000000
Equation number 96: dcrF        :       0.000000
Equation number 97: dnrF        :       0.000000
Equation number 98: drkF        :       0.000000



STEADY-STATE RESULTS:

y           		 1162
k           		 115434
n           		 22.46
w           		 25.933
rk          		 0.00252289
x           		 221.989
c           		 701.801
s           		 1
i           		 0
r           		 0
ns          		 22.46
ni          		 22.46
nr          		 22.46
cs          		 701.801
ci          		 701.801
cr          		 701.801
tau         		 0
lambtilde   		 0.0014249
lamtau      		 -30.3686
lami        		 9920.38
lams        		 9950.74
lamr        		 9950.74
dd          		 0
pop         		 1
Rb          		 1.0006
pie         		 1
mc          		 0.75188
F           		 83.6741
Kf          		 83.6741
rr          		 1.0006
dcs         		 1
dns         		 1
dci         		 1
dni         		 1
dw          		 1
dlams       		 1
dlamtau     		 1
dlambtilde  		 1
dlami       		 1
dlamr       		 1
dcr         		 1
dnr         		 1
drk         		 1
dF          		 1
dKf         		 1
pbreve      		 1
dpie        		 1
muc         		 0
mun         		 0
mul         		 0
ro          		 0.9123
yF          		 1162
kF          		 115434
nF          		 22.46
wF          		 25.933
rkF         		 0.00252289
xF          		 221.989
cF          		 701.801
sF          		 1
iF          		 0
rF          		 0
nsF         		 22.46
niF         		 22.46
nrF         		 22.46
csF         		 701.801
ciF         		 701.801
crF         		 701.801
tauF        		 0
lambtildeF  		 0.0014249
lamtauF     		 -30.3686
lamiF       		 9920.38
lamsF       		 9950.74
lamrF       		 9950.74
ddF         		 0
popF        		 1
RbF         		 1.0006
pieF        		 1
mcF         		 0.75188
FF          		 1.65574
KfF         		 1.65574
rrF         		 1.0006
dcsF        		 1
dnsF        		 1
dciF        		 1
dniF        		 1
dwF         		 1
dlamsF      		 1
dlamtauF    		 1
dlambtildeF 		 1
dlamiF      		 1
dlamrF      		 1
dcrF        		 1
dnrF        		 1
drkF        		 1
dFF         		 1
dKfF        		 1
pbreveF     		 1
dpieF       		 1


Residuals of the static equations:
Equation number  1: muc         :       0.000000
Equation number  2: mun         :       0.000000
Equation number  3: mul         :       0.000000
Equation number  4: ro          :       0.000000
Equation number  5: y           :       0.000000
Equation number  6: mc          :       0.000000
Equation number  7: w           :       0.000000
Equation number  8: k           :       0.000000
Equation number  9: 9           :       0.000000
Equation number 10: n           :       0.000000
Equation number 11: c           :       0.000000
Equation number 12: tau         :       0.000000
Equation number 13: s           :       0.000000
Equation number 14: i           :       0.000000
Equation number 15: r           :       0.000000
Equation number 16: dd          :       0.000000
Equation number 17: pop         :       0.000000
Equation number 18: 18          :       0.000000
Equation number 19: 19          :       0.000000
Equation number 20: 20          :       0.000000
Equation number 21: 21          :       0.000000
Equation number 22: 22          :       0.000000
Equation number 23: 23          :       0.000000
Equation number 24: lambtilde   :       0.000000
Equation number 25: lami        :       0.000000
Equation number 26: 26          :       0.000000
Equation number 27: 27          :       0.000000
Equation number 28: 28          :       0.000000
Equation number 29: 29          :       0.000000
Equation number 30: rr          :       0.000000
Equation number 31: Kf          :       0.000000
Equation number 32: F           :       0.000000
Equation number 33: 33          :       0.000000
Equation number 34: 34          :       0.000000
Equation number 35: Rb          :       0.000000
Equation number 36: dF          :       0.000000
Equation number 37: dKf         :       0.000000
Equation number 38: dpie        :       0.000000
Equation number 39: dcs         :       0.000000
Equation number 40: dns         :       0.000000
Equation number 41: dci         :       0.000000
Equation number 42: dni         :       0.000000
Equation number 43: dw          :       0.000000
Equation number 44: dlams       :       0.000000
Equation number 45: dlamtau     :       0.000000
Equation number 46: dlambtilde  :       0.000000
Equation number 47: dlami       :       0.000000
Equation number 48: dlamr       :       0.000000
Equation number 49: dcr         :       0.000000
Equation number 50: dnr         :       0.000000
Equation number 51: drk         :       0.000000
Equation number 52: yF          :       0.000000
Equation number 53: mcF         :       0.000000
Equation number 54: wF          :       0.000000
Equation number 55: kF          :       0.000000
Equation number 56: 56          :       0.000000
Equation number 57: nF          :       0.000000
Equation number 58: cF          :       0.000000
Equation number 59: tauF        :       0.000000
Equation number 60: sF          :       0.000000
Equation number 61: iF          :       0.000000
Equation number 62: rF          :       0.000000
Equation number 63: ddF         :       0.000000
Equation number 64: popF        :       0.000000
Equation number 65: 65          :       0.000000
Equation number 66: 66          :       0.000000
Equation number 67: 67          :       0.000000
Equation number 68: 68          :       0.000000
Equation number 69: 69          :       0.000000
Equation number 70: 70          :       0.000000
Equation number 71: lambtildeF  :       0.000000
Equation number 72: lamiF       :       0.000000
Equation number 73: 73          :       0.000000
Equation number 74: 74          :       0.000000
Equation number 75: 75          :       0.000000
Equation number 76: 76          :       0.000000
Equation number 77: rrF         :       0.000000
Equation number 78: KfF         :       0.000000
Equation number 79: FF          :       0.000000
Equation number 80: 80          :       0.000000
Equation number 81: 81          :       0.000000
Equation number 82: RbF         :       0.000000
Equation number 83: dFF         :       0.000000
Equation number 84: dKfF        :       0.000000
Equation number 85: dpieF       :       0.000000
Equation number 86: dcsF        :       0.000000
Equation number 87: dnsF        :       0.000000
Equation number 88: dciF        :       0.000000
Equation number 89: dniF        :       0.000000
Equation number 90: dwF         :       0.000000
Equation number 91: dlamsF      :       0.000000
Equation number 92: dlamtauF    :       0.000000
Equation number 93: dlambtildeF :       0.000000
Equation number 94: dlamiF      :       0.000000
Equation number 95: dlamrF      :       0.000000
Equation number 96: dcrF        :       0.000000
Equation number 97: dnrF        :       0.000000
Equation number 98: drkF        :       0.000000



--------------------------------------------------------
MODEL SIMULATION:

Iter: 1,	 err. = 13.6697,	 time = 0.336
Iter: 2,	 err. = 0.000745899,	 time = 0.081
Iter: 3,	 err. = 1.53146e-06,	 time = 0.099

Total time of simulation: 0.83.
--------------------------------------------------------


Perfect foresight solution found.


pi3_final_step =

   0.141731011437082


--------------------------------------------------------
MODEL SIMULATION:

Iter: 1,	 err. = 1.53146e-06,	 time = 0.102

Total time of simulation: 0.103.
--------------------------------------------------------


pi3_final_step =

   0.148731011437082


--------------------------------------------------------
MODEL SIMULATION:

Iter: 1,	 err. = 5.61221e-05,	 time = 0.106
Iter: 2,	 err. = 6.09309e-07,	 time = 0.213

Total time of simulation: 0.657.
--------------------------------------------------------


pi3_final_step =

   0.155731011437082


--------------------------------------------------------
MODEL SIMULATION:

Iter: 1,	 err. = 5.6564e-05,	 time = 0.118
Iter: 2,	 err. = 6.91638e-07,	 time = 0.192

Total time of simulation: 0.737.
--------------------------------------------------------


pi3_final_step =

   0.162731011437082


--------------------------------------------------------
MODEL SIMULATION:

Iter: 1,	 err. = 5.70067e-05,	 time = 0.119
Iter: 2,	 err. = 7.84822e-07,	 time = 0.101

Total time of simulation: 0.512.
--------------------------------------------------------


pi3_final_step =

   0.169731011437082


--------------------------------------------------------
MODEL SIMULATION:

Iter: 1,	 err. = 5.74491e-05,	 time = 0.085
Iter: 2,	 err. = 8.90137e-07,	 time = 0.077

Total time of simulation: 0.394.
--------------------------------------------------------


pi3_final_step =

   0.176731011437082


--------------------------------------------------------
MODEL SIMULATION:

Iter: 1,	 err. = 5.7891e-05,	 time = 0.075
Iter: 2,	 err. = 1.0091e-06,	 time = 0.074

Total time of simulation: 0.328.
--------------------------------------------------------


pi3_final_step =

   0.183731011437082


--------------------------------------------------------
MODEL SIMULATION:

Iter: 1,	 err. = 5.83324e-05,	 time = 0.061
Iter: 2,	 err. = 1.1434e-06,	 time = 0.057

Total time of simulation: 0.294.
--------------------------------------------------------


pi3_final_step =

   0.190731011437082


--------------------------------------------------------
MODEL SIMULATION:

Iter: 1,	 err. = 5.87733e-05,	 time = 0.06
Iter: 2,	 err. = 1.29495e-06,	 time = 0.055

Total time of simulation: 0.29.
--------------------------------------------------------


pi3_final_step =

   0.197731011437082


--------------------------------------------------------
MODEL SIMULATION:

Iter: 1,	 err. = 5.92136e-05,	 time = 0.078
Iter: 2,	 err. = 1.46584e-06,	 time = 0.088

Total time of simulation: 0.457.
--------------------------------------------------------


pi3_final_step =

   0.204731011437082


--------------------------------------------------------
MODEL SIMULATION:

Iter: 1,	 err. = 5.96531e-05,	 time = 0.092
Iter: 2,	 err. = 1.65845e-06,	 time = 0.084

Total time of simulation: 0.416.
--------------------------------------------------------


pi3_final_step =

   0.211731011437082


--------------------------------------------------------
MODEL SIMULATION:

Iter: 1,	 err. = 6.00917e-05,	 time = 0.06
Iter: 2,	 err. = 1.8754e-06,	 time = 0.059

Total time of simulation: 0.293.
--------------------------------------------------------


pi3_final_step =

   0.218731011437082


--------------------------------------------------------
MODEL SIMULATION:

Iter: 1,	 err. = 6.05293e-05,	 time = 0.058
Iter: 2,	 err. = 2.11959e-06,	 time = 0.058

Total time of simulation: 0.297.
--------------------------------------------------------


pi3_final_step =

   0.225731011437082


--------------------------------------------------------
MODEL SIMULATION:

Iter: 1,	 err. = 6.09656e-05,	 time = 0.058
Iter: 2,	 err. = 2.39426e-06,	 time = 0.058

Total time of simulation: 0.293.
--------------------------------------------------------


pi3_final_step =

   0.232731011437082


--------------------------------------------------------
MODEL SIMULATION:

Iter: 1,	 err. = 6.14004e-05,	 time = 0.072
Iter: 2,	 err. = 2.70297e-06,	 time = 0.056

Total time of simulation: 0.308.
--------------------------------------------------------


pi3_final_step =

   0.239731011437082


--------------------------------------------------------
MODEL SIMULATION:

Iter: 1,	 err. = 6.18331e-05,	 time = 0.059
Iter: 2,	 err. = 3.04958e-06,	 time = 0.059

Total time of simulation: 0.287.
--------------------------------------------------------


pi3_final_step =

   0.246731011437082


--------------------------------------------------------
MODEL SIMULATION:

Iter: 1,	 err. = 6.22632e-05,	 time = 0.059
Iter: 2,	 err. = 4.39874e-06,	 time = 0.057

Total time of simulation: 0.286.
--------------------------------------------------------


pi3_final_step =

   0.253731011437082


--------------------------------------------------------
MODEL SIMULATION:

Iter: 1,	 err. = 6.26892e-05,	 time = 0.061
Iter: 2,	 err. = 6.5286e-06,	 time = 0.054

Total time of simulation: 0.286.
--------------------------------------------------------


pi3_final_step =

   0.260731011437082


--------------------------------------------------------
MODEL SIMULATION:

Iter: 1,	 err. = 6.31038e-05,	 time = 0.075
Iter: 2,	 err. = 9.86781e-06,	 time = 0.058

Total time of simulation: 0.395.
--------------------------------------------------------


pi3_final_step =

   0.267731011437082


--------------------------------------------------------
MODEL SIMULATION:

Iter: 1,	 err. = 6.3391e-05,	 time = 0.057
Iter: 2,	 err. = 0.000452837,	 time = 0.059
Iter: 3,	 err. = 1.44572e-05,	 time = 0.058
Iter: 4,	 err. = 1.86139e-09,	 time = 0.063

Total time of simulation: 0.737.
--------------------------------------------------------


pi3_final_step =

   0.274731011437082


--------------------------------------------------------
MODEL SIMULATION:

Iter: 1,	 err. = 6.60538e-05,	 time = 0.059
Iter: 2,	 err. = 0.0778338,	 time = 0.058
Iter: 3,	 err. = 0.0163045,	 time = 0.057
Iter: 4,	 err. = 0.00100536,	 time = 0.055
Iter: 5,	 err. = 1.03028e-06,	 time = 0.057

Total time of simulation: 0.929.
--------------------------------------------------------


pi3_final_step =

   0.281731011437082


--------------------------------------------------------
MODEL SIMULATION:

Iter: 1,	 err. = 6.16107e-05,	 time = 0.058
Iter: 2,	 err. = 0.762141,	 time = 0.055
Iter: 3,	 err. = 0.18764,	 time = 0.063
Iter: 4,	 err. = 0.045424,	 time = 0.057
Iter: 5,	 err. = 0.00935129,	 time = 0.067
Iter: 6,	 err. = 0.000276628,	 time = 0.114
Iter: 7,	 err. = 1.09723e-07,	 time = 0.086

Total time of simulation: 1.643.
--------------------------------------------------------


pi3_final_step =

   0.288731011437082


--------------------------------------------------------
MODEL SIMULATION:

Iter: 1,	 err. = 0.000112097,	 time = 0.086
Iter: 2,	 err. = 0.618056,	 time = 0.06
Iter: 3,	 err. = 17.9648,	 time = 0.065
Iter: 4,	 err. = 534860,	 time = 0.056
Iter: 5,	 err. = 5.54793,	 time = 0.058
Iter: 6,	 err. = 0.0426104,	 time = 0.059
Iter: 7,	 err. = 9.68139e-08,	 time = 0.057

Total time of simulation: 1.455.
--------------------------------------------------------


pi3_final_step =

   0.295731011437082


--------------------------------------------------------
MODEL SIMULATION:

Iter: 1,	 err. = 0.000219074,	 time = 0.059
Iter: 2,	 err. = 0.491649,	 time = 0.057
Iter: 3,	 err. = 0.154889,	 time = 0.059
Iter: 4,	 err. = 0.0157217,	 time = 0.055
Iter: 5,	 err. = 0.000448468,	 time = 0.118
Iter: 6,	 err. = 2.05051e-07,	 time = 0.08

Total time of simulation: 1.339.
--------------------------------------------------------


pi3_final_step =

   0.302731011437082


--------------------------------------------------------
MODEL SIMULATION:

Iter: 1,	 err. = 0.000341313,	 time = 0.088
Iter: 2,	 err. = 0.407337,	 time = 0.06
Iter: 3,	 err. = 0.105353,	 time = 0.056
Iter: 4,	 err. = 0.00907274,	 time = 0.057
Iter: 5,	 err. = 6.87721e-05,	 time = 0.056
Iter: 6,	 err. = 3.14799e-09,	 time = 0.059

Total time of simulation: 1.273.
--------------------------------------------------------


pi3_final_step =

   0.309731011437082


--------------------------------------------------------
MODEL SIMULATION:

Iter: 1,	 err. = 0.000476966,	 time = 0.083
Iter: 2,	 err. = 0.371414,	 time = 0.057
Iter: 3,	 err. = 0.084176,	 time = 0.058
Iter: 4,	 err. = 0.0048036,	 time = 0.057
Iter: 5,	 err. = 1.2659e-05,	 time = 0.058
Iter: 6,	 err. = 7.13953e-11,	 time = 0.062

Total time of simulation: 1.272.
--------------------------------------------------------


pi3_final_step =

   0.316731011437082


--------------------------------------------------------
MODEL SIMULATION:

Iter: 1,	 err. = 0.000624379,	 time = 0.096
Iter: 2,	 err. = 0.347947,	 time = 0.092
Iter: 3,	 err. = 0.0697959,	 time = 0.089
Iter: 4,	 err. = 0.00259907,	 time = 0.087
Iter: 5,	 err. = 2.67753e-06,	 time = 0.061

Total time of simulation: 1.332.
--------------------------------------------------------


pi3_final_step =

   0.323731011437082


--------------------------------------------------------
MODEL SIMULATION:

Iter: 1,	 err. = 0.000779823,	 time = 0.063
Iter: 2,	 err. = 0.326072,	 time = 0.057
Iter: 3,	 err. = 0.0579263,	 time = 0.067
Iter: 4,	 err. = 0.001444,	 time = 0.056
Iter: 5,	 err. = 6.35474e-07,	 time = 0.056

Total time of simulation: 0.982.
--------------------------------------------------------


pi3_final_step =

   0.330731011437083


--------------------------------------------------------
MODEL SIMULATION:

Iter: 1,	 err. = 0.000938827,	 time = 0.061
Iter: 2,	 err. = 0.302388,	 time = 0.061
Iter: 3,	 err. = 0.047644,	 time = 0.057
Iter: 4,	 err. = 0.000820136,	 time = 0.099
Iter: 5,	 err. = 1.65785e-07,	 time = 0.087

Total time of simulation: 1.115.
--------------------------------------------------------


pi3_final_step =

   0.337731011437082


--------------------------------------------------------
MODEL SIMULATION:

Iter: 1,	 err. = 0.00109634,	 time = 0.085
Iter: 2,	 err. = 0.275492,	 time = 0.068
Iter: 3,	 err. = 0.03873,	 time = 0.058
Iter: 4,	 err. = 0.000472867,	 time = 0.058
Iter: 5,	 err. = 4.6322e-08,	 time = 0.057

Total time of simulation: 1.061.
--------------------------------------------------------


pi3_final_step =

   0.344731011437082


--------------------------------------------------------
MODEL SIMULATION:

Iter: 1,	 err. = 0.00124692,	 time = 0.065
Iter: 2,	 err. = 0.245258,	 time = 0.076
Iter: 3,	 err. = 0.0309239,	 time = 0.056
Iter: 4,	 err. = 0.000273999,	 time = 0.056
Iter: 5,	 err. = 1.36088e-08,	 time = 0.058

Total time of simulation: 0.988.
--------------------------------------------------------


pi3_final_step =

   0.351731011437082


--------------------------------------------------------
MODEL SIMULATION:

Iter: 1,	 err. = 0.00138546,	 time = 0.065
Iter: 2,	 err. = 0.211986,	 time = 0.056
Iter: 3,	 err. = 0.0241694,	 time = 0.085
Iter: 4,	 err. = 0.000158358,	 time = 0.085
Iter: 5,	 err. = 4.14366e-09,	 time = 0.091

Total time of simulation: 1.247.
--------------------------------------------------------


pi3_final_step =

   0.358731011437082


--------------------------------------------------------
MODEL SIMULATION:

Iter: 1,	 err. = 0.00150548,	 time = 0.084
Iter: 2,	 err. = 0.176811,	 time = 0.059
Iter: 3,	 err. = 0.0184031,	 time = 0.057
Iter: 4,	 err. = 9.05354e-05,	 time = 0.058
Iter: 5,	 err. = 1.28068e-09,	 time = 0.057

Total time of simulation: 1.003.
--------------------------------------------------------


pi3_final_step =

   0.365731011437082


--------------------------------------------------------
MODEL SIMULATION:

Iter: 1,	 err. = 0.00160143,	 time = 0.078
Iter: 2,	 err. = 0.141351,	 time = 0.115
Iter: 3,	 err. = 0.013575,	 time = 0.125
Iter: 4,	 err. = 5.08873e-05,	 time = 0.099
Iter: 5,	 err. = 3.95971e-10,	 time = 0.141

Total time of simulation: 1.645.
--------------------------------------------------------


pi3_final_step =

   0.372731011437082


--------------------------------------------------------
MODEL SIMULATION:

Iter: 1,	 err. = 0.00166797,	 time = 0.114
Iter: 2,	 err. = 0.107492,	 time = 0.099
Iter: 3,	 err. = 0.00963322,	 time = 0.073
Iter: 4,	 err. = 2.77501e-05,	 time = 0.062
Iter: 5,	 err. = 1.20508e-10,	 time = 0.063

Total time of simulation: 1.273.
--------------------------------------------------------


pi3_final_step =

   0.379731011437082


--------------------------------------------------------
MODEL SIMULATION:

Iter: 1,	 err. = 0.00170017,	 time = 0.06
Iter: 2,	 err. = 0.0768579,	 time = 0.066
Iter: 3,	 err. = 0.00650654,	 time = 0.056
Iter: 4,	 err. = 1.4528e-05,	 time = 0.058
Iter: 5,	 err. = 3.51292e-11,	 time = 0.058

Total time of simulation: 1.033.
--------------------------------------------------------


pi3_final_step =

   0.386731011437082


--------------------------------------------------------
MODEL SIMULATION:

Iter: 1,	 err. = 0.00169469,	 time = 0.063
Iter: 2,	 err. = 0.0516395,	 time = 0.079
Iter: 3,	 err. = 0.0041479,	 time = 0.088
Iter: 4,	 err. = 7.1821e-06,	 time = 0.098

Total time of simulation: 0.99.
--------------------------------------------------------


pi3_final_step =

   0.393731011437082


--------------------------------------------------------
MODEL SIMULATION:

Iter: 1,	 err. = 0.00164975,	 time = 0.087
Iter: 2,	 err. = 0.0396809,	 time = 0.059
Iter: 3,	 err. = 0.00247418,	 time = 0.056
Iter: 4,	 err. = 3.29901e-06,	 time = 0.058

Total time of simulation: 0.78.
--------------------------------------------------------


pi3_final_step =

   0.400731011437082


--------------------------------------------------------
MODEL SIMULATION:

Iter: 1,	 err. = 0.00156526,	 time = 0.06
Iter: 2,	 err. = 0.044594,	 time = 0.076
Iter: 3,	 err. = 0.00138538,	 time = 0.059
Iter: 4,	 err. = 1.39972e-06,	 time = 0.058

Total time of simulation: 0.755.
--------------------------------------------------------


pi3_final_step =

   0.407731011437082


--------------------------------------------------------
MODEL SIMULATION:

Iter: 1,	 err. = 0.00144431,	 time = 0.061
Iter: 2,	 err. = 0.0606884,	 time = 0.059
Iter: 3,	 err. = 0.000770634,	 time = 0.058
Iter: 4,	 err. = 5.60023e-07,	 time = 0.071

Total time of simulation: 0.763.
--------------------------------------------------------


pi3_final_step =

   0.414731011437082


--------------------------------------------------------
MODEL SIMULATION:

Iter: 1,	 err. = 0.00160201,	 time = 0.092
Iter: 2,	 err. = 0.0800092,	 time = 0.075
Iter: 3,	 err. = 0.000895605,	 time = 0.091
Iter: 4,	 err. = 2.20869e-07,	 time = 0.062

Total time of simulation: 0.986.
--------------------------------------------------------


pi3_final_step =

   0.421731011437082


--------------------------------------------------------
MODEL SIMULATION:

Iter: 1,	 err. = 0.00194218,	 time = 0.059
Iter: 2,	 err. = 0.101687,	 time = 0.058
Iter: 3,	 err. = 0.00141422,	 time = 0.058
Iter: 4,	 err. = 5.57658e-07,	 time = 0.078

Total time of simulation: 0.789.
--------------------------------------------------------


pi3_final_step =

   0.425193034311247


--------------------------------------------------------
MODEL SIMULATION:

Iter: 1,	 err. = 0.00115211,	 time = 0.06
Iter: 2,	 err. = 0.0265846,	 time = 0.067
Iter: 3,	 err. = 9.60495e-05,	 time = 0.068
Iter: 4,	 err. = 3.24155e-09,	 time = 0.065

Total time of simulation: 0.818.
--------------------------------------------------------


xi_final_step =

   0.817333333333333


--------------------------------------------------------
MODEL SIMULATION:

Iter: 1,	 err. = 3.24155e-09,	 time = 0.065

Total time of simulation: 0.066.
--------------------------------------------------------


xi_final_step =

   0.822333333333333


--------------------------------------------------------
MODEL SIMULATION:

Iter: 1,	 err. = 0.0451616,	 time = 0.064
Iter: 2,	 err. = 9.65555e-06,	 time = 0.073

Total time of simulation: 0.324.
--------------------------------------------------------


xi_final_step =

   0.827333333333333


--------------------------------------------------------
MODEL SIMULATION:

Iter: 1,	 err. = 0.0464283,	 time = 0.378
Iter: 2,	 err. = 1.01749e-05,	 time = 0.134
Iter: 3,	 err. = 2.91038e-11,	 time = 0.099

Total time of simulation: 1.351.
--------------------------------------------------------


xi_final_step =

   0.832333333333333


--------------------------------------------------------
MODEL SIMULATION:

Iter: 1,	 err. = 0.0477681,	 time = 0.073
Iter: 2,	 err. = 1.1356e-05,	 time = 0.059
Iter: 3,	 err. = 2.91038e-11,	 time = 0.074

Total time of simulation: 0.6.
--------------------------------------------------------


xi_final_step =

   0.837333333333333


--------------------------------------------------------
MODEL SIMULATION:

Iter: 1,	 err. = 0.0491875,	 time = 0.069
Iter: 2,	 err. = 1.23505e-05,	 time = 0.078
Iter: 3,	 err. = 2.91038e-11,	 time = 0.058

Total time of simulation: 0.652.
--------------------------------------------------------


xi_final_step =

   0.842333333333333


--------------------------------------------------------
MODEL SIMULATION:

Iter: 1,	 err. = 0.0506939,	 time = 0.057
Iter: 2,	 err. = 1.34593e-05,	 time = 0.07
Iter: 3,	 err. = 2.91038e-11,	 time = 0.12

Total time of simulation: 0.747.
--------------------------------------------------------


xi_final_step =

   0.847333333333333


--------------------------------------------------------
MODEL SIMULATION:

Iter: 1,	 err. = 0.0522954,	 time = 0.12
Iter: 2,	 err. = 1.46993e-05,	 time = 0.093
Iter: 3,	 err. = 2.91038e-11,	 time = 0.064

Total time of simulation: 0.792.
--------------------------------------------------------


xi_final_step =

   0.852333333333333


--------------------------------------------------------
MODEL SIMULATION:

Iter: 1,	 err. = 0.0540015,	 time = 0.067
Iter: 2,	 err. = 1.60904e-05,	 time = 0.069
Iter: 3,	 err. = 2.91038e-11,	 time = 0.092

Total time of simulation: 0.642.
--------------------------------------------------------


xi_final_step =

   0.857333333333333


--------------------------------------------------------
MODEL SIMULATION:

Iter: 1,	 err. = 0.0558226,	 time = 0.131
Iter: 2,	 err. = 1.76559e-05,	 time = 0.096
Iter: 3,	 err. = 2.91038e-11,	 time = 0.13

Total time of simulation: 1.189.
--------------------------------------------------------


xi_final_step =

   0.862333333333333


--------------------------------------------------------
MODEL SIMULATION:

Iter: 1,	 err. = 0.0577708,	 time = 0.177
Iter: 2,	 err. = 1.94239e-05,	 time = 0.175
Iter: 3,	 err. = 2.91038e-11,	 time = 0.09

Total time of simulation: 1.209.
--------------------------------------------------------


xi_final_step =

   0.867333333333333


--------------------------------------------------------
MODEL SIMULATION:

Iter: 1,	 err. = 0.0598599,	 time = 0.087
Iter: 2,	 err. = 2.14281e-05,	 time = 0.102
Iter: 3,	 err. = 2.91038e-11,	 time = 0.075

Total time of simulation: 0.779.
--------------------------------------------------------


xi_final_step =

   0.872333333333333


--------------------------------------------------------
MODEL SIMULATION:

Iter: 1,	 err. = 0.0621058,	 time = 0.093
Iter: 2,	 err. = 2.37089e-05,	 time = 0.079
Iter: 3,	 err. = 2.91038e-11,	 time = 0.081

Total time of simulation: 0.751.
--------------------------------------------------------


xi_final_step =

   0.877333333333333


--------------------------------------------------------
MODEL SIMULATION:

Iter: 1,	 err. = 0.0645268,	 time = 0.095
Iter: 2,	 err. = 2.63155e-05,	 time = 0.284
Iter: 3,	 err. = 2.91038e-11,	 time = 0.218

Total time of simulation: 1.409.
--------------------------------------------------------


xi_final_step =

   0.882333333333333


--------------------------------------------------------
MODEL SIMULATION:

Iter: 1,	 err. = 0.0671441,	 time = 0.111
Iter: 2,	 err. = 2.9308e-05,	 time = 0.11
Iter: 3,	 err. = 2.91038e-11,	 time = 0.119

Total time of simulation: 0.942.
--------------------------------------------------------


xi_final_step =

   0.887333333333333


--------------------------------------------------------
MODEL SIMULATION:

Iter: 1,	 err. = 0.0699828,	 time = 0.167
Iter: 2,	 err. = 3.27602e-05,	 time = 0.134
Iter: 3,	 err. = 2.91038e-11,	 time = 0.185

Total time of simulation: 1.323.
--------------------------------------------------------


xi_final_step =

   0.892333333333333


--------------------------------------------------------
MODEL SIMULATION:

Iter: 1,	 err. = 0.0730722,	 time = 0.169
Iter: 2,	 err. = 3.67639e-05,	 time = 0.125
Iter: 3,	 err. = 2.91038e-11,	 time = 0.094

Total time of simulation: 1.107.
--------------------------------------------------------


xi_final_step =

   0.897333333333333


--------------------------------------------------------
MODEL SIMULATION:

Iter: 1,	 err. = 0.0764468,	 time = 0.118
Iter: 2,	 err. = 4.14337e-05,	 time = 0.134
Iter: 3,	 err. = 2.91038e-11,	 time = 0.117

Total time of simulation: 0.994.
--------------------------------------------------------


xi_final_step =

   0.902333333333333


--------------------------------------------------------
MODEL SIMULATION:

Iter: 1,	 err. = 0.0801483,	 time = 0.124
Iter: 2,	 err. = 4.6914e-05,	 time = 0.23
Iter: 3,	 err. = 2.91038e-11,	 time = 0.22

Total time of simulation: 1.301.
--------------------------------------------------------


xi_final_step =

   0.907333333333333


--------------------------------------------------------
MODEL SIMULATION:

Iter: 1,	 err. = 0.0842264,	 time = 0.212
Iter: 2,	 err. = 5.33893e-05,	 time = 0.257
Iter: 3,	 err. = 4.27463e-11,	 time = 0.116

Total time of simulation: 1.341.
--------------------------------------------------------


xi_final_step =

   0.912333333333333


--------------------------------------------------------
MODEL SIMULATION:

Iter: 1,	 err. = 0.0887418,	 time = 0.109
Iter: 2,	 err. = 6.10972e-05,	 time = 0.125
Iter: 3,	 err. = 8.00355e-11,	 time = 0.227

Total time of simulation: 1.169.
--------------------------------------------------------


xi_final_step =

   0.917333333333333


--------------------------------------------------------
MODEL SIMULATION:

Iter: 1,	 err. = 0.0937688,	 time = 0.193
Iter: 2,	 err. = 7.03482e-05,	 time = 0.135
Iter: 3,	 err. = 1.51658e-10,	 time = 0.114

Total time of simulation: 1.159.
--------------------------------------------------------


xi_final_step =

   0.922333333333333


--------------------------------------------------------
MODEL SIMULATION:

Iter: 1,	 err. = 0.0993995,	 time = 0.112
Iter: 2,	 err. = 8.15534e-05,	 time = 0.139
Iter: 3,	 err. = 2.89674e-10,	 time = 0.119

Total time of simulation: 0.995.
--------------------------------------------------------


xi_final_step =

   0.927333333333333


--------------------------------------------------------
MODEL SIMULATION:

Iter: 1,	 err. = 0.10575,	 time = 0.119
Iter: 2,	 err. = 9.5267e-05,	 time = 0.171
Iter: 3,	 err. = 5.51609e-10,	 time = 0.203

Total time of simulation: 1.137.
--------------------------------------------------------


xi_final_step =

   0.932333333333333


--------------------------------------------------------
MODEL SIMULATION:

Iter: 1,	 err. = 0.112966,	 time = 0.234
Iter: 2,	 err. = 0.00011225,	 time = 0.129
Iter: 3,	 err. = 1.10595e-09,	 time = 0.147

Total time of simulation: 1.215.
--------------------------------------------------------


xi_final_step =

   0.937333333333333


--------------------------------------------------------
MODEL SIMULATION:

Iter: 1,	 err. = 0.12124,	 time = 0.127
Iter: 2,	 err. = 0.000133571,	 time = 0.095
Iter: 3,	 err. = 2.45268e-09,	 time = 0.15

Total time of simulation: 0.986.
--------------------------------------------------------


xi_final_step =

   0.942333333333333


--------------------------------------------------------
MODEL SIMULATION:

Iter: 1,	 err. = 0.130822,	 time = 0.286
Iter: 2,	 err. = 0.000160775,	 time = 0.187
Iter: 3,	 err. = 5.31122e-09,	 time = 0.113

Total time of simulation: 1.367.
--------------------------------------------------------


xi_final_step =

   0.947333333333333


--------------------------------------------------------
MODEL SIMULATION:

Iter: 1,	 err. = 0.142049,	 time = 0.114
Iter: 2,	 err. = 0.000196169,	 time = 0.121
Iter: 3,	 err. = 1.26299e-08,	 time = 0.119

Total time of simulation: 0.986.
--------------------------------------------------------


xi_final_step =

   0.952333333333333


--------------------------------------------------------
MODEL SIMULATION:

Iter: 1,	 err. = 0.155383,	 time = 0.115
Iter: 2,	 err. = 0.00024334,	 time = 0.117
Iter: 3,	 err. = 3.01613e-08,	 time = 0.233

Total time of simulation: 1.12.
--------------------------------------------------------


xi_final_step =

   0.957333333333333


--------------------------------------------------------
MODEL SIMULATION:

Iter: 1,	 err. = 0.171483,	 time = 0.224
Iter: 2,	 err. = 0.00030816,	 time = 0.246
Iter: 3,	 err. = 8.67474e-08,	 time = 0.104

Total time of simulation: 1.366.
--------------------------------------------------------


xi_final_step =

   0.962333333333333


--------------------------------------------------------
MODEL SIMULATION:

Iter: 1,	 err. = 0.191306,	 time = 0.082
Iter: 2,	 err. = 0.000524496,	 time = 0.087
Iter: 3,	 err. = 2.82786e-07,	 time = 0.092

Total time of simulation: 0.769.
--------------------------------------------------------


xi_final_step =

   0.967333333333333


--------------------------------------------------------
MODEL SIMULATION:

Iter: 1,	 err. = 0.216312,	 time = 0.085
Iter: 2,	 err. = 0.00106276,	 time = 0.225
Iter: 3,	 err. = 1.00464e-06,	 time = 0.148

Total time of simulation: 1.156.
--------------------------------------------------------


xi_final_step =

   0.972333333333333


--------------------------------------------------------
MODEL SIMULATION:

Iter: 1,	 err. = 0.24884,	 time = 0.134
Iter: 2,	 err. = 0.00233623,	 time = 0.072
Iter: 3,	 err. = 3.86826e-06,	 time = 0.107

Total time of simulation: 0.865.
--------------------------------------------------------


xi_final_step =

   0.977333333333333


--------------------------------------------------------
MODEL SIMULATION:

Iter: 1,	 err. = 0.292886,	 time = 0.083
Iter: 2,	 err. = 0.00578807,	 time = 0.125
Iter: 3,	 err. = 1.62627e-05,	 time = 0.167
Iter: 4,	 err. = 2.91038e-11,	 time = 0.232

Total time of simulation: 1.623.
--------------------------------------------------------


--------------------------------------------------------
MODEL SIMULATION:

Iter: 1,	 err. = 0.246752,	 time = 0.135
Iter: 2,	 err. = 0.00618706,	 time = 0.153
Iter: 3,	 err. = 1.21003e-05,	 time = 0.074
Iter: 4,	 err. = 2.91038e-11,	 time = 0.08

Total time of simulation: 1.338.
--------------------------------------------------------

Total computing time : 0h01m10s
Note: 1 warning(s) encountered in the preprocessor
